<?xml version="1.0" encoding="UTF-8"?>
<testng-results skipped="0" failed="0" ignored="0" total="1" passed="1">
  <reporter-output>
  </reporter-output>
  <suite name="TestSuite" duration-ms="68908" started-at="2021-03-18T01:47:20Z" finished-at="2021-03-18T01:48:29Z">
    <groups>
    </groups>
    <test name="test2" duration-ms="68908" started-at="2021-03-18T01:47:20Z" finished-at="2021-03-18T01:48:29Z">
      <class name="myPackage.Assignment">
        <test-method status="PASS" signature="PlacingOrder()[pri:0, instance:myPackage.Assignment@3fee9989]" name="PlacingOrder" duration-ms="68827" started-at="2021-03-18T01:47:20Z" finished-at="2021-03-18T01:48:29Z">
          <reporter-output>
          </reporter-output>
        </test-method> <!-- PlacingOrder -->
      </class> <!-- myPackage.Assignment -->
    </test> <!-- test2 -->
  </suite> <!-- TestSuite -->
</testng-results>
