<?xml version="1.0" encoding="UTF-8"?>
<!-- Generated by org.testng.reporters.JUnitXMLReporter -->
<testsuite hostname="DESKTOP-EPM05SP" ignored="0" name="test1" tests="5" failures="0" timestamp="16 Mar 2021 07:41:46 GMT" time="0.269" errors="0">
  <testcase name="c_method" time="0.031" classname="myPackage.TestNG_Priority_Annotations"/>
  <testcase name="e_method" time="0.031" classname="myPackage.TestNG_Priority_Annotations"/>
  <testcase name="b_method" time="0.031" classname="myPackage.TestNG_Priority_Annotations"/>
  <testcase name="d_method" time="0.004" classname="myPackage.TestNG_Priority_Annotations"/>
  <testcase name="a_method" time="0.018" classname="myPackage.TestNG_Priority_Annotations"/>
</testsuite> <!-- test1 -->
