<?xml version="1.0" encoding="UTF-8"?>
<!-- Generated by org.testng.reporters.JUnitXMLReporter -->
<testsuite hostname="DESKTOP-EPM05SP" ignored="0" name="testGuru" tests="5" failures="0" timestamp="16 Mar 2021 05:54:16 GMT" time="0.161" errors="0">
  <testcase name="c_method" time="0.025" classname="myPackage.TestNG_Priority_Annotations"/>
  <testcase name="e_method" time="0.025" classname="myPackage.TestNG_Priority_Annotations"/>
  <testcase name="b_method" time="0.025" classname="myPackage.TestNG_Priority_Annotations"/>
  <testcase name="a_method" time="0.002" classname="myPackage.TestNG_Priority_Annotations"/>
  <testcase name="d_method" time="0.011" classname="myPackage.TestNG_Priority_Annotations"/>
</testsuite> <!-- testGuru -->
